
New session started
Time:0
3=05.00
2=05.00
1=26.94
0=26.94
1
Time:11
3=05.00
2=28.62
1=28.88
0=28.81
Time:12
3=05.00
2=28.62
1=28.81
0=28.81
Time:13
3=05.00
2=28.56
1=28.88
0=28.81
Time:14
3=05.00
2=28.56
1=28.88
0=28.81
Time:15
3=05.00
2=28.62
1=28.94
0=28.81
Time:16
3=05.00
2=28.62
1=28.88
0=28.81
Time:17
3=05.00
2=28.62
1=28.88
0=28.88
Time:18
3=05.00
2=28.56
1=28.88
0=28.81
Time:19
3=05.00
2=28.62
1=28.88
0=28.88
Time:20
3=05.00
2=28.62
1=28.88
0=28.81
Time:21
3=05.00
2=28.62
1=28.88
0=28.81
Time:22
3=05.00
2=28.62
1=28.88
0=28.81
Time:23
3=05.00
2=28.62
1=28.88
0=28.81
Time:24
3=05.00
2=28.56
1=28.88
0=28.88
Time:25
3=05.00
2=28.62
1=28.94
0=28.81
Time:26
3=05.00
2=28.62
1=28.94
0=28.88
Time:27
3=05.00
2=28.62
1=28.94
0=28.88
Time:28
3=05.00
2=28.62
1=28.94
0=28.88
Time:29
3=05.00
2=28.62
1=28.94
0=28.88
Time:30
3=05.00
2=28.62
1=28.88
0=28.88
New session started
Time:0
3=05.00
2=28.81
1=29.12
0=29.06
Time:1
3=05.00
2=28.75
1=29.12
0=29.12
Time:2
3=05.00
2=28.81
1=29.12
0=29.12
Time:3
3=05.00
2=28.81
1=29.12
0=29.19
Time:4
3=05.00
2=28.81
1=29.12
0=29.12
Time:5
3=05.00
2=28.81
1=29.12
0=29.12
Time:6
3=05.00
2=28.81
1=29.12
0=29.06
Time:7
3=05.00
2=28.88
1=29.12
0=29.12
Time:8
3=05.00
2=30.38
1=29.19
0=29.19
Time:9
3=05.00
2=31.19
1=29.12
0=29.12
Time:10
3=05.00
2=31.69
1=29.19
0=29.19
Time:11
3=05.00
2=32.00
1=29.12
0=29.19
Time:12
3=05.00
2=32.31
1=29.19
0=29.19
Time:13
3=05.00
2=32.50
1=29.19
0=29.12
Time:14
3=05.00
2=32.62
1=29.19
0=29.19
Time:15
3=05.00
2=32.75
1=29.12
0=29.12
Time:16
3=05.00
2=32.88
1=29.19
0=29.19
Time:17
3=05.00
2=33.00
1=29.19
0=29.12
Time:18
3=05.00
2=33.06
1=29.19
0=29.19
Time:19
3=05.00
2=33.06
1=29.12
0=29.19
Time:20
3=05.00
2=33.12
1=29.12
0=29.19
Time:21
3=05.00
2=33.19
1=29.19
0=29.19
Time:22
3=05.00
2=33.12
1=29.19
0=29.12
Time:23
3=05.00
2=33.19
1=29.19
0=29.19
Time:24
3=05.00
2=33.25
1=29.19
0=29.19
Time:25
3=05.00
2=33.25
1=29.19
0=29.19
Time:26
3=05.00
2=33.31
1=29.19
0=29.19
Time:27
3=05.00
2=33.31
1=29.19
0=29.19
Time:28
3=05.00
2=33.31
1=29.19
0=29.12
Time:29
3=05.00
2=33.31
1=29.19
0=29.19
Time:30
3=05.00
2=33.31
1=29.19
0=29.25
Time:31
3=05.00
2=33.06
1=29.25
0=29.19
Time:32
3=05.00
2=32.81
1=29.19
0=29.25
Time:33
3=05.00
2=32.56
1=29.19
0=29.19
Time:34
3=05.00
2=32.44
1=29.25
0=29.25
Time:35
3=05.00
2=32.31
1=29.19
0=30.06
Time:36
3=05.00
2=32.19
1=29.19
0=31.38
Time:37
3=05.00
2=32.06
1=29.19
0=31.94
Time:38
3=05.00
2=31.94
1=29.19
0=32.31
Time:39
3=05.00
2=31.81
1=29.19
0=32.56
Time:40
3=05.00
2=31.75
1=29.19
0=32.75
Time:41
3=05.00
2=31.62
1=29.19
0=32.88
Time:42
3=05.00
2=31.62
1=29.19
0=33.06
Time:43
3=05.00
2=31.56
1=29.25
0=33.00
Time:44
3=05.00
2=31.44
1=29.19
0=32.50
Time:45
3=05.00
2=31.44
1=29.25
0=32.25
Time:46
3=05.00
2=31.31
1=29.19
0=32.00
Time:47
3=05.00
2=31.31
1=29.19
0=31.81
Time:48
3=05.00
2=31.25
1=29.19
0=31.69
Time:49
3=05.00
2=31.12
1=29.19
0=31.56
Time:50
3=05.00
2=31.12
1=29.19
0=31.44
Time:51
3=05.00
2=31.06
1=29.19
0=31.31
Time:52
3=05.00
2=31.06
1=29.19
0=31.19
New session started
Time:0
3=05.00
2=24.25
1=24.12
0=24.00
Time:1
3=05.00
2=24.25
1=24.12
0=23.94
Time:2
3=05.00
2=24.31
1=24.12
0=23.94
Time:3
3=05.00
2=24.31
1=24.12
0=24.00
Time:4
3=05.00
2=24.25
1=24.12
0=23.94
Time:5
3=05.00
2=24.25
1=24.12
0=23.94
Time:6
3=05.00
2=24.31
1=24.19
0=23.94
Time:7
3=05.00
2=24.31
1=24.19
0=23.94
Time:8
3=05.00
2=24.31
1=24.19
0=23.94
Time:9
3=05.00
2=24.31
1=24.19
0=24.00
Time:10
3=05.00
2=24.31
1=24.19
0=23.94
Time:11
3=05.00
2=24.38
1=24.12
0=24.00
Time:12
3=05.00
2=24.31
1=24.12
0=24.00
Time:13
3=05.00
2=24.31
1=24.12
0=23.94
Time:14
3=05.00
2=24.31
1=24.19
0=24.00
Time:15
3=05.00
2=24.38
1=24.12
0=23.94
Time:16
3=05.00
2=24.38
1=24.19
0=24.00
Time:17
3=05.00
2=24.38
1=24.19
0=24.00
Time:18
3=05.00
2=24.31
1=24.19
0=24.00
Time:19
3=05.00
2=24.38
1=24.19
0=23.94
Time:20
3=05.00
2=24.38
1=24.19
0=24.00
New session started
Time:0
3=05.00
2=25.38
1=25.00
0=24.31
Time:1
3=05.00
2=25.38
1=25.00
0=24.38
Time:2
3=05.00
2=25.38
1=25.06
0=24.31
Time:3
3=05.00
2=25.38
1=25.06
0=24.31
Time:4
3=05.00
2=25.31
1=25.00
0=24.31
Time:5
3=05.00
2=25.38
1=25.06
0=24.38
Time:6
3=05.00
2=25.38
1=25.06
0=24.31
Time:7
3=05.00
2=25.38
1=25.00
0=24.38
Time:8
3=05.00
2=25.38
1=25.00
0=24.31
Time:9
3=05.00
2=25.38
1=25.00
0=24.31
Time:10
3=05.00
2=25.38
1=25.06
0=24.31
Time:11
3=05.00
2=25.38
1=25.06
0=24.31
Time:12
3=05.00
2=25.38
1=25.00
0=24.38
Time:13
3=05.00
2=25.38
1=25.06
0=24.38
Time:14
3=05.00
2=25.38
1=25.06
0=24.38
Time:15
3=05.00
2=25.38
1=25.06
0=24.38
Time:16
3=05.00
2=25.38
1=25.06
0=24.31
Time:17
3=05.00
2=25.38
1=25.06
0=24.38
Time:18
3=05.00
2=25.38
1=25.06
0=24.38
Time:19
3=05.00
2=25.38
1=25.12
0=24.31
Time:20
3=05.00
2=25.44
1=25.12
0=24.31
Time:21
3=05.00
2=25.44
1=25.06
0=24.31
Time:22
3=05.00
2=25.38
1=25.06
0=24.38
Time:23
3=05.00
2=25.38
1=25.06
0=24.31
Time:24
3=05.00
2=25.38
1=25.06
0=24.38
Time:25
3=05.00
2=25.38
1=25.12
0=24.38
Time:26
3=05.00
2=25.38
1=25.06
0=24.31
Time:27
3=05.00
2=25.38
1=25.12
0=24.31
Time:28
3=05.00
2=25.38
1=25.12
0=24.31
Time:29
3=05.00
2=25.38
1=25.06
0=24.38
Time:30
3=05.00
2=25.38
1=25.06
0=24.38
Time:31
3=05.00
2=25.38
1=25.06
0=24.31
Time:32
3=05.00
2=25.44
1=25.06
0=24.31
Time:33
3=05.00
2=25.44
1=25.12
0=24.31
Time:34
3=05.00
2=25.38
1=25.12
0=24.38
Time:35
3=05.00
2=25.44
1=25.12
0=24.38
Time:36
3=05.00
2=25.38
1=25.06
0=24.38
Time:37
3=05.00
2=25.44
1=25.12
0=24.31
Time:38
3=05.00
2=25.38
1=25.06
0=24.38
Time:39
3=05.00
2=25.44
1=25.06
0=24.38
Time:40
3=05.00
2=25.44
1=25.12
0=24.38
Time:41
3=05.00
2=25.44
1=25.06
0=24.31
Time:42
3=05.00
2=25.44
1=25.06
0=24.44
Time:43
3=05.00
2=25.44
1=25.06
0=25.94
Time:44
3=05.00
2=25.44
1=25.06
0=27.81
Time:45
3=05.00
2=25.38
1=25.12
0=28.69
Time:46
3=05.00
2=25.44
1=25.06
0=29.06
Time:47
3=05.00
2=25.50
1=25.06
0=29.38
Time:48
3=05.00
2=25.44
1=25.12
0=29.69
Time:49
3=05.00
2=25.44
1=25.06
0=28.75
Time:50
3=05.00
2=25.44
1=25.12
0=28.12
Time:51
3=05.00
2=25.50
1=25.06
0=27.81
Time:52
3=05.00
2=25.44
1=25.12
0=27.56
Time:53
3=05.00
2=25.44
1=25.06
0=27.38
Time:54
3=05.00
2=25.44
1=25.06
0=27.19
Time:55
3=05.00
2=25.44
1=25.06
0=27.06
Time:56
3=05.00
2=25.44
1=25.06
0=26.94
Time:57
3=05.00
2=25.44
1=25.19
0=26.88
Time:58
3=05.00
2=25.50
1=25.12
0=26.75
New session started
Time:0
3=05.00
2=25.44
1=25.06
0=25.62
Time:1
3=05.00
2=25.44
1=25.12
0=25.50
Time:2
3=05.00
2=25.50
1=25.12
0=25.56
Time:3
3=05.00
2=25.50
1=25.12
0=25.50
Time:4
3=05.00
2=25.44
1=25.12
0=25.50
Time:5
3=05.00
2=25.50
1=25.12
0=25.50
Time:6
3=05.00
2=25.44
1=25.12
0=25.50
Time:7
3=05.00
2=25.50
1=25.12
0=25.50
Time:8
3=05.00
2=25.50
1=25.19
0=25.44
Time:9
3=05.00
2=25.44
1=25.12
0=25.50
Time:10
3=05.00
2=25.50
1=25.12
0=25.62
Time:11
3=05.00
2=25.50
1=25.12
0=27.44
Time:12
3=05.00
2=25.44
1=25.12
0=29.31
Time:13
3=05.00
2=25.44
1=25.19
0=30.06
Time:14
3=05.00
2=25.44
1=25.19
0=30.69
Time:15
3=05.00
2=25.44
1=25.12
0=31.00
Time:16
3=05.00
2=25.44
1=25.19
0=31.25
Time:17
3=05.00
2=25.44
1=25.19
0=31.50
Time:18
3=05.00
2=25.44
1=25.12
0=31.69
Time:19
3=05.00
2=25.44
1=25.12
0=31.81
Time:20
3=05.00
2=25.50
1=25.19
0=31.94
Time:21
3=05.00
2=25.44
1=25.19
0=32.00
Time:22
3=05.00
2=25.44
1=25.19
0=32.12
Time:23
3=05.00
2=25.50
1=25.19
0=32.19
Time:24
3=05.00
2=25.44
1=25.19
0=32.19
Time:25
3=05.00
2=25.44
1=25.19
0=32.25
Time:26
3=05.00
2=25.44
1=25.19
0=32.25
Time:27
3=05.00
2=25.50
1=25.19
0=32.31
Time:28
3=05.00
2=25.50
1=25.19
0=32.38
Time:29
3=05.00
2=25.50
1=25.19
0=32.38
Time:30
3=05.00
2=25.50
1=25.25
0=32.44
Time:31
3=05.00
2=25.50
1=25.25
0=32.44
Time:32
3=05.00
2=25.50
1=25.25
0=32.44
Time:33
3=05.00
2=25.50
1=25.19
0=32.44
Time:34
3=05.00
2=25.50
1=25.25
0=32.44
Time:35
3=05.00
2=25.50
1=25.25
0=32.50
Time:36
3=05.00
2=25.56
1=25.19
0=32.44
Time:37
3=05.00
2=25.50
1=25.19
0=32.50
Time:38
3=05.00
2=25.50
1=25.19
0=32.50
Time:39
3=05.00
2=25.50
1=25.19
0=32.50
Time:40
3=05.00
2=25.50
1=25.19
0=32.50
Time:41
3=05.00
2=25.50
1=25.19
0=32.50
Time:42
3=05.00
2=25.50
1=25.19
0=32.50
Time:43
3=05.00
2=25.50
1=25.19
0=32.44
Time:44
3=05.00
2=25.50
1=25.25
0=32.50
Time:45
3=05.00
2=25.50
1=25.19
0=32.50
Time:46
3=05.00
2=25.50
1=25.19
0=32.50
Time:47
3=05.00
2=25.50
1=25.25
0=32.50
Time:48
3=05.00
2=25.50
1=25.19
0=32.44
Time:49
3=05.00
2=25.50
1=25.19
0=32.50
Time:50
3=05.00
2=25.50
1=25.19
0=32.44
Time:51
3=05.00
2=25.44
1=25.19
0=32.50
Time:52
3=05.00
2=25.50
1=25.19
0=32.50
Time:53
3=05.00
2=25.50
1=25.25
0=32.44
Time:54
3=05.00
2=25.50
1=25.25
0=32.44
Time:55
3=05.00
2=25.50
1=25.19
0=32.31
Time:56
3=05.00
2=25.50
1=25.19
0=32.00
Time:57
3=05.00
2=25.50
1=25.25
0=31.81
Time:58
3=05.00
2=25.50
1=25.19
0=31.50
Time:59
3=05.00
2=25.50
1=25.25
0=31.25
Time:60
3=05.00
2=25.56
1=25.25
0=31.06
Time:61
3=05.00
2=25.56
1=25.25
0=30.94
Time:62
3=05.00
2=25.56
1=25.25
0=30.75
Time:63
3=05.00
2=25.50
1=25.19
0=30.56
Time:64
3=05.00
2=25.56
1=25.19
0=30.44
Time:65
3=05.00
2=25.56
1=25.19
0=30.31
Time:66
3=05.00
2=25.50
1=25.19
0=30.12
Time:67
3=05.00
2=25.50
1=25.25
0=30.06
Time:68
3=05.00
2=25.50
1=25.25
0=29.94
Time:69
3=05.00
2=25.50
1=25.19
0=29.81
Time:70
3=05.00
2=25.50
1=25.19
0=29.69
Time:71
3=05.00
2=25.50
1=25.19
0=29.62
Time:72
3=05.00
2=25.50
1=25.25
0=29.50
Time:73
3=05.00
2=25.56
1=25.25
0=29.44
Time:74
3=05.00
2=25.50
1=25.25
0=29.38
Time:75
3=05.00
2=25.50
1=25.25
0=29.25
Time:76
3=05.00
2=25.50
1=25.19
0=29.19
Time:77
3=05.00
2=25.50
1=25.25
0=29.06
Time:78
3=05.00
2=25.50
1=25.25
0=29.00
Time:79
3=05.00
2=25.50
1=25.25
0=29.00
Time:80
3=05.00
2=25.56
1=25.19
0=28.88
Time:81
3=05.00
2=25.50
1=25.25
0=28.81
Time:82
3=05.00
2=25.50
1=25.25
0=28.75
Time:83
3=05.00
2=25.56
1=25.25
0=28.69
Time:84
3=05.00
2=25.50
1=25.19
0=28.62
Time:85
3=05.00
2=25.50
1=25.25
0=28.56
Time:86
3=05.00
2=25.56
1=25.19
0=28.50
Time:87
3=05.00
2=25.56
1=25.31
0=28.50
Time:88
3=05.00
2=25.56
1=25.25
0=28.38
Time:89
3=05.00
2=25.50
1=25.25
0=28.38
Time:90
3=05.00
2=25.56
1=25.25
0=28.25
Time:91
3=05.00
2=25.50
1=25.25
0=28.19
Time:92
3=05.00
2=25.50
1=25.25
0=28.12
Time:93
3=05.00
2=25.50
1=25.25
0=28.12
Time:94
3=05.00
2=25.50
1=25.25
0=28.06
Time:95
3=05.00
2=25.50
1=25.25
0=28.06
Time:96
3=05.00
2=25.50
1=25.25
0=27.94
Time:97
3=05.00
2=25.50
1=25.25
0=27.94
Time:98
3=05.00
2=25.50
1=25.31
0=27.94
Time:99
3=05.00
2=25.50
1=25.25
0=27.88
Time:100
3=05.00
2=25.50
1=25.25
0=27.75
Time:101
3=05.00
2=25.56
1=25.25
0=27.75
Time:102
3=05.00
2=25.56
1=25.25
0=27.75
Time:103
3=05.00
2=25.56
1=25.25
0=27.69
Time:104
3=05.00
2=25.50
1=25.25
0=27.56
Time:105
3=05.00
2=25.56
1=25.25
0=27.56
Time:106
3=05.00
2=25.56
1=25.25
0=27.56
Time:107
3=05.00
2=25.56
1=25.25
0=27.44
Time:108
3=05.00
2=25.56
1=25.19
0=27.44
Time:109
3=05.00
2=25.50
1=25.19
0=27.38
Time:110
3=05.00
2=25.56
1=25.19
0=27.31
Time:111
3=05.00
2=25.56
1=25.25
0=27.31
Time:112
3=05.00
2=25.50
1=25.19
0=27.25
Time:113
3=05.00
2=25.50
1=25.25
0=27.31
Time:114
3=05.00
2=25.50
1=25.19
0=27.25
Time:115
3=05.00
2=25.50
1=25.19
0=27.12
Time:116
3=05.00
2=25.50
1=25.25
0=27.12
Time:117
3=05.00
2=25.56
1=25.31
0=27.06
Time:118
3=05.00
2=25.50
1=25.25
0=27.06
Time:119
3=05.00
2=25.50
1=25.25
0=27.00
Time:120
3=05.00
2=25.50
1=25.25
0=27.00
Time:121
3=05.00
2=25.50
1=25.25
0=27.00
Time:122
3=05.00
2=25.50
1=25.25
0=26.94
Time:123
3=05.00
2=25.50
1=25.25
0=26.94
Time:124
3=05.00
2=25.44
1=25.19
0=26.94
Time:125
3=05.00
2=25.44
1=25.25
0=26.88
Time:126
3=05.00
2=25.50
1=25.25
0=26.88
Time:127
3=05.00
2=25.50
1=25.19
0=26.81
Time:128
3=05.00
2=25.50
1=25.19
0=26.81
Time:129
3=05.00
2=25.50
1=25.19
0=26.75
Time:130
3=05.00
2=25.50
1=25.25
0=26.75
Time:131
3=05.00
2=25.50
1=25.25
0=26.75
Time:132
3=05.00
2=25.44
1=25.25
0=26.69
Time:133
3=05.00
2=25.50
1=25.25
0=26.69
Time:134
3=05.00
2=25.50
1=25.19
0=26.62
Time:135
3=05.00
2=25.50
1=25.19
0=26.62
Time:136
3=05.00
2=25.56
1=25.25
0=26.62
Time:137
3=05.00
2=25.50
1=25.25
0=26.56
Time:138
3=05.00
2=25.56
1=25.25
0=26.56
Time:139
3=05.00
2=25.50
1=25.25
0=26.50
Time:140
3=05.00
2=25.50
1=25.25
0=26.50
Time:141
3=05.00
2=25.50
1=25.31
0=26.50
Time:142
3=05.00
2=25.50
1=25.25
0=26.50
Time:143
3=05.00
2=25.50
1=25.25
0=26.44
Time:144
3=05.00
2=25.50
1=25.25
0=26.44
Time:145
3=05.00
2=25.50
1=25.25
0=26.44
Time:146
3=05.00
2=25.50
1=25.25
0=26.38
Time:147
3=05.00
2=25.50
1=25.25
0=26.44
Time:148
3=05.00
2=25.50
1=25.25
0=26.31
Time:149
3=05.00
2=25.56
1=25.25
0=26.38
Time:150
3=05.00
2=25.50
1=25.25
0=26.31
Time:151
3=05.00
2=25.56
1=25.31
0=26.31
Time:152
3=05.00
2=25.50
1=25.31
0=26.31
Time:153
3=05.00
2=25.50
1=25.25
0=26.31
Time:154
3=05.00
2=25.50
1=25.31
0=26.25
Time:155
3=05.00
2=25.50
1=25.31
0=26.25
Time:156
3=05.00
2=25.56
1=25.31
0=26.25
Time:157
3=05.00
2=25.50
1=25.25
0=26.25
Time:158
3=05.00
2=25.56
1=25.31
0=26.25
Time:159
3=05.00
2=25.50
1=25.25
0=26.19
Time:160
3=05.00
2=25.50
1=25.31
0=26.12
Time:161
3=05.00
2=25.56
1=25.25
0=26.19
Time:162
3=05.00
2=25.56
1=25.31
0=26.12
Time:163
3=05.00
2=25.50
1=25.31
0=26.12
Time:164
3=05.00
2=25.50
1=25.25
0=26.06
Time:165
3=05.00
2=25.50
1=25.31
0=26.06
Time:166
3=05.00
2=25.56
1=25.31
0=26.06
Time:167
3=05.00
2=25.56
1=25.25
0=26.06
Time:168
3=05.00
2=25.50
1=25.31
0=26.06
Time:169
3=05.00
2=25.56
1=25.31
0=26.06
Time:170
3=05.00
2=25.50
1=25.31
0=26.06
Time:171
3=05.00
2=25.56
1=25.31
0=26.00
Time:172
3=05.00
2=25.56
1=25.25
0=26.06
Time:173
3=05.00
2=25.56
1=25.31
0=26.00
Time:174
3=05.00
2=25.56
1=25.38
0=26.00
Time:175
3=05.00
2=25.50
1=25.31
0=26.00
Time:176
3=05.00
2=25.50
1=25.31
0=25.94
Time:177
3=05.00
2=25.50
1=25.31
0=26.00
Time:178
3=05.00
2=25.56
1=25.31
0=26.00
Time:179
3=05.00
2=25.50
1=25.31
0=25.94
Time:180
3=05.00
2=25.50
1=25.38
0=25.94
Time:181
3=05.00
2=25.50
1=25.31
0=25.88
Time:182
3=05.00
2=25.50
1=25.38
0=25.94
Time:183
3=05.00
2=25.56
1=25.31
0=25.88
Time:184
3=05.00
2=25.50
1=25.31
0=25.88
Time:185
3=05.00
2=25.50
1=25.31
0=25.88
Time:186
3=05.00
2=25.56
1=25.31
0=25.88
Time:187
3=05.00
2=25.56
1=25.31
0=25.81
Time:188
3=05.00
2=25.56
1=25.31
0=25.81
Time:189
3=05.00
2=25.50
1=25.31
0=25.88
Time:190
3=05.00
2=25.50
1=25.31
0=25.81
Time:191
3=05.00
2=25.56
1=25.25
0=25.75
Time:192
3=05.00
2=25.56
1=25.31
0=25.81
Time:193
3=05.00
2=25.56
1=25.31
0=25.81
Time:194
3=05.00
2=25.56
1=25.31
0=25.75
Time:195
3=05.00
2=25.56
1=25.31
0=25.75
Time:196
3=05.00
2=25.56
1=25.31
0=25.75
Time:197
3=05.00
2=25.56
1=25.31
0=25.69
Time:198
3=05.00
2=25.56
1=25.31
0=25.75
Time:199
3=05.00
2=25.56
1=25.38
0=25.75
Time:200
3=05.00
2=25.56
1=25.25
0=25.75
Time:201
3=05.00
2=25.56
1=25.38
0=25.69
Time:202
3=05.00
2=25.56
1=25.31
0=25.69
Time:203
3=05.00
2=25.50
1=25.31
0=25.69
Time:204
3=05.00
2=25.56
1=25.31
0=25.75
Time:205
3=05.00
2=25.50
1=25.31
0=25.62
Time:206
3=05.00
2=25.56
1=25.31
0=25.62
Time:207
3=05.00
2=25.56
1=25.31
0=25.62
Time:208
3=05.00
2=25.50
1=25.31
0=25.69
Time:209
3=05.00
2=25.56
1=25.31
0=25.62
Time:210
3=05.00
2=25.56
1=25.31
0=25.62
Time:211
3=05.00
2=25.56
1=25.25
0=25.62
Time:212
3=05.00
2=25.56
1=25.31
0=25.62
Time:213
3=05.00
2=25.56
1=25.25
0=25.62
Time:214
3=05.00
2=25.50
1=25.31
0=25.62
Time:215
3=05.00
2=25.56
1=25.31
0=25.56
Time:216
3=05.00
2=25.56
1=25.31
0=25.56
Time:217
3=05.00
2=25.56
1=25.31
0=25.62
Time:218
3=05.00
2=25.56
1=25.31
0=25.56
Time:219
3=05.00
2=25.56
1=25.31
0=25.56
Time:220
3=05.00
2=25.56
1=25.31
0=25.56
Time:221
3=05.00
2=25.56
1=25.38
0=25.56
Time:222
3=05.00
2=25.56
1=25.31
0=25.56
Time:223
3=05.00
2=25.56
1=25.31
0=25.50
Time:224
3=05.00
2=25.56
1=25.31
0=25.50
Time:225
3=05.00
2=25.56
1=25.31
0=25.50
Time:226
3=05.00
2=25.56
1=25.31
0=25.50
Time:227
3=05.00
2=25.56
1=25.38
0=25.50
Time:228
3=05.00
2=25.56
1=25.31
0=25.50
Time:229
3=05.00
2=25.56
1=25.31
0=25.50
Time:230
3=05.00
2=25.50
1=25.31
0=25.56
Time:231
3=05.00
2=25.56
1=25.31
0=25.50
Time:232
3=05.00
2=25.50
1=25.38
0=25.44
Time:233
3=05.00
2=25.50
1=25.31
0=25.50
Time:234
3=05.00
2=25.50
1=25.38
0=25.50
Time:235
3=05.00
2=25.56
1=25.31
0=25.50
Time:236
3=05.00
2=25.56
1=25.31
0=25.44
Time:237
3=05.00
2=25.56
1=25.31
0=25.44
Time:238
3=05.00
2=25.50
1=25.31
0=25.50
Time:239
3=05.00
2=25.50
1=25.25
0=25.44
Time:240
3=05.00
2=25.50
1=25.31
0=25.44
Time:241
3=05.00
2=25.56
1=25.31
0=25.44
Time:242
3=05.00
2=25.50
1=25.31
0=25.38
Time:243
3=05.00
2=25.56
1=25.31
0=25.44
Time:244
3=05.00
2=25.50
1=25.31
0=25.38
Time:245
3=05.00
2=25.56
1=25.31
0=25.38
Time:246
3=05.00
2=25.50
1=25.31
0=25.38
Time:247
3=05.00
2=25.56
1=25.31
0=25.38
Time:248
3=05.00
2=25.50
1=25.31
0=25.38
Time:249
3=05.00
2=25.50
1=25.31
0=25.38
Time:250
3=05.00
2=25.50
1=25.31
0=25.38
Time:251
3=05.00
2=25.50
1=25.31
0=25.38
Time:252
3=05.00
2=25.50
1=25.31
0=25.38
Time:253
3=05.00
2=25.50
1=25.31
0=25.31
Time:254
3=05.00
2=25.56
1=25.31
0=25.31
Time:255
3=05.00
2=25.50
1=25.31
0=25.38
Time:256
3=05.00
2=25.56
1=25.31
0=25.31
Time:257
3=05.00
2=25.56
1=25.38
0=25.31
Time:258
3=05.00
2=25.56
1=25.31
0=25.38
Time:259
3=05.00
2=25.56
1=25.31
0=25.38
Time:260
3=05.00
2=25.50
1=25.31
0=25.31
Time:261
3=05.00
2=25.56
1=25.25
0=25.31
Time:262
3=05.00
2=25.56
1=25.31
0=25.31
Time:263
3=05.00
2=25.50
1=25.31
0=25.31
Time:264
3=05.00
2=25.56
1=25.31
0=25.31
Time:265
3=05.00
2=25.56
1=25.31
0=25.31
Time:266
3=05.00
2=25.50
1=25.31
0=25.31
Time:267
3=05.00
2=25.50
1=25.38
0=25.31
Time:268
3=05.00
2=25.50
1=25.31
0=25.31
Time:269
3=05.00
2=25.56
1=25.38
0=25.31
Time:270
3=05.00
2=25.56
1=25.31
0=25.31
Time:271
3=05.00
2=25.56
1=25.31
0=25.31
Time:272
3=05.00
2=25.56
1=25.31
0=25.25
Time:273
3=05.00
2=25.50
1=25.25
0=25.25
Time:274
3=05.00
2=25.56
1=25.25
0=25.25
New session started
Time:0
3=05.00
2=25.81
1=25.69
0=24.75
Time:1
3=05.00
2=25.81
1=25.69
0=24.75
Time:2
3=05.00
2=25.81
1=25.69
0=24.75
Time:3
3=05.00
2=25.88
1=25.69
0=24.75
Time:4
3=05.00
2=25.81
1=25.69
0=24.75
Time:5
3=05.00
2=25.81
1=25.62
0=24.81
Time:6
3=05.00
2=25.81
1=25.69
0=24.75
Time:7
3=05.00
2=25.81
1=25.69
0=24.75
Time:8
3=05.00
2=25.81
1=25.69
0=24.75
Time:9
3=05.00
2=25.81
1=25.69
0=24.75
Time:10
3=05.00
2=25.81
1=25.69
0=24.75
Time:11
3=05.00
2=25.81
1=25.69
0=24.81
Time:12
3=05.00
2=25.75
1=25.62
0=24.81
Time:13
3=05.00
2=25.81
1=25.69
0=24.75
Time:14
3=05.00
2=25.81
1=25.69
0=24.81
Time:15
3=05.00
2=25.75
1=25.69
0=24.75
Time:16
3=05.00
2=25.81
1=25.69
0=24.81
Time:17
3=05.00
2=25.81
1=25.62
0=24.81
Time:18
3=05.00
2=25.81
1=25.69
0=24.81
Time:19
3=05.00
2=25.75
1=25.62
0=24.81
Time:20
3=05.00
2=25.81
1=25.69
0=24.81
Time:21
3=05.00
2=25.81
1=25.69
0=24.75
Time:22
3=05.00
2=25.75
1=25.69
0=24.75
Time:23
3=05.00
2=25.81
1=25.69
0=24.81
Time:24
3=05.00
2=25.75
1=25.62
0=24.75
Time:25
3=05.00
2=25.81
1=25.69
0=24.75
Time:26
3=05.00
2=25.81
1=25.62
0=24.75
Time:27
3=05.00
2=25.81
1=25.69
0=24.81
Time:28
3=05.00
2=25.88
1=25.69
0=24.81
Time:29
3=05.00
2=25.88
1=25.62
0=24.81
Time:30
3=05.00
2=25.88
1=25.69
0=24.81
Time:31
3=05.00
2=25.88
1=25.62
0=24.81
Time:32
3=05.00
2=25.81
1=25.69
0=24.81
Time:33
3=05.00
2=25.81
1=25.69
0=24.75
Time:34
3=05.00
2=25.88
1=25.62
0=24.75
Time:35
3=05.00
2=25.81
1=25.69
0=24.81
Time:36
3=05.00
2=25.88
1=25.69
0=24.81
Time:37
3=05.00
2=25.88
1=25.69
0=24.81
Time:38
3=05.00
2=25.88
1=25.62
0=24.81
Time:39
3=05.00
2=25.88
1=25.69
0=24.81
Time:40
3=05.00
2=25.88
1=25.62
0=24.75
Time:41
3=05.00
2=25.88
1=25.69
0=24.75
Time:42
3=05.00
2=25.88
1=25.69
0=24.75
New session started
Time:0
3=05.00
2=05.00
1=05.00
0=28.31
Time:1
3=05.00
2=05.00
1=05.00
0=28.25
Time:2
3=05.00
2=05.00
1=05.00
0=28.31
Time:3
3=05.00
2=05.00
1=05.00
0=28.31
Time:4
3=05.00
2=05.00
1=05.00
0=28.31
Time:5
3=05.00
2=05.00
1=05.00
0=28.31
Time:6
3=05.00
2=05.00
1=05.00
0=28.25
Time:7
3=05.00
2=05.00
1=05.00
0=28.25
Time:8
3=05.00
2=05.00
1=05.00
0=28.31
Time:9
3=05.00
2=05.00
1=05.00
0=28.25
Time:10
3=05.00
2=05.00
1=05.00
0=28.25
Time:11
3=05.00
2=05.00
1=05.00
0=28.25
Time:12
3=05.00
2=05.00
1=05.00
0=28.25
Time:13
3=05.00
2=05.00
1=05.00
0=28.25
Time:14
3=05.00
2=05.00
1=05.00
0=28.25
Time:15
3=05.00
2=05.00
1=05.00
0=28.31
Time:16
3=05.00
2=05.00
1=05.00
0=28.25
Time:17
3=05.00
2=05.00
1=05.00
0=28.31
Time:18
3=05.00
2=05.00
1=05.00
0=28.25
Time:19
3=05.00
2=05.00
1=05.00
0=28.31
Time:20
3=05.00
2=05.00
1=05.00
0=28.25
Time:21
3=05.00
2=05.00
1=05.00
0=28.25
Time:22
3=05.00
2=05.00
1=05.00
0=28.25
Time:23
3=05.00
2=05.00
1=05.00
0=28.25
Time:24
3=05.00
2=05.00
1=05.00
0=28.31
Time:25
3=05.00
2=05.00
1=05.00
0=28.25
Time:26
3=05.00
2=05.00
1=05.00
0=28.31
Time:27
3=05.00
2=05.00
1=05.00
0=28.25
Time:28
3=05.00
2=05.00
1=05.00
0=28.31
Time:29
3=05.00
2=05.00
1=05.00
0=28.31
Time:30
3=05.00
2=05.00
1=05.00
0=28.25
Time:31
3=05.00
2=05.00
1=05.00
0=28.31
Time:32
3=05.00
2=05.00
1=05.00
0=28.31
Time:33
3=05.00
2=05.00
1=05.00
0=28.31
Time:34
3=05.00
2=05.00
1=05.00
0=28.25
Time:35
3=05.00
2=05.00
1=05.00
0=28.25
Time:36
3=05.00
2=05.00
1=05.00
0=28.25
Time:37
3=05.00
2=05.00
1=05.00
0=28.31
Time:38
3=05.00
2=05.00
1=05.00
0=28.25
Time:39
3=05.00
2=05.00
1=05.00
0=28.31
Time:40
3=05.00
2=05.00
1=05.00
0=28.25
Time:41
3=05.00
2=05.00
1=05.00
0=28.31
Time:42
3=05.00
2=05.00
1=05.00
0=28.25
Time:43
3=05.00
2=05.00
1=05.00
0=28.25
Time:44
3=05.00
2=05.00
1=05.00
0=28.25
Time:45
3=05.00
2=05.00
1=05.00
0=28.25
New session started
Time:0
3=05.00
2=05.00
1=05.00
0=28.31
Time:1
3=05.00
2=05.00
1=05.00
0=28.25
Time:2
3=05.00
2=05.00
1=05.00
0=28.25
Time:3
3=05.00
2=05.00
1=05.00
0=28.31
Time:4
3=05.00
2=05.00
1=05.00
0=28.31
Time:5
3=05.00
2=05.00
1=05.00
0=28.31
Time:6
3=05.00
2=05.00
1=05.00
0=28.31
Time:7
3=05.00
2=05.00
1=05.00
0=28.31
Time:8
3=05.00
2=05.00
1=05.00
0=28.31
Time:9
3=05.00
2=05.00
1=05.00
0=28.31
Time:10
3=05.00
2=05.00
1=05.00
0=28.25
Time:11
3=05.00
2=05.00
1=05.00
0=28.25
Time:12
3=05.00
2=05.00
1=05.00
0=28.25
Time:13
3=05.00
2=05.00
1=05.00
0=28.31
Time:14
3=05.00
2=05.00
1=05.00
0=28.25
Time:15
3=05.00
2=05.00
1=05.00
0=28.31
Time:16
3=05.00
2=05.00
1=05.00
0=28.25
Time:17
3=05.00
2=05.00
1=05.00
0=28.25
Time:18
3=05.00
2=05.00
1=05.00
0=28.44
Time:19
3=05.00
2=05.00
1=05.00
0=30.19
Time:20
3=05.00
2=05.00
1=05.00
0=30.81
Time:21
3=05.00
2=05.00
1=05.00
0=30.50
Time:22
3=05.00
2=05.00
1=05.00
0=29.81
Time:23
3=05.00
2=05.00
1=05.00
0=29.50
Time:24
3=05.00
2=05.00
1=05.00
0=29.38
Time:25
3=05.00
2=05.00
1=05.00
0=29.31
Time:26
3=05.00
2=05.00
1=05.00
0=29.19
Time:27
3=05.00
2=05.00
1=05.00
0=29.06
Time:28
3=05.00
2=05.00
1=05.00
0=29.06
Time:29
3=05.00
2=05.00
1=05.00
0=29.00
Time:30
3=05.00
2=05.00
1=05.00
0=28.94
Time:31
3=05.00
2=05.00
1=05.00
0=28.94
Time:32
3=05.00
2=05.00
1=05.00
0=28.94
Time:33
3=05.00
2=05.00
1=05.00
0=28.88
Time:34
3=05.00
2=05.00
1=05.00
0=28.81
Time:35
3=05.00
2=05.00
1=05.00
0=28.81
Time:36
3=05.00
2=05.00
1=05.00
0=28.81
Time:37
3=05.00
2=05.00
1=05.00
0=28.81
Time:38
3=05.00
2=05.00
1=05.00
0=28.81
Time:39
3=05.00
2=05.00
1=05.00
0=28.75
Time:40
3=05.00
2=05.00
1=05.00
0=28.69
Time:41
3=05.00
2=05.00
1=05.00
0=28.69
Time:42
3=05.00
2=05.00
1=05.00
0=28.69
Time:43
3=05.00
2=05.00
1=05.00
0=28.69
Time:44
3=05.00
2=05.00
1=05.00
0=28.69
Time:45
3=05.00
2=05.00
1=05.00
0=29.50
Time:46
3=05.00
2=05.00
1=05.00
0=30.81
Time:47
3=05.00
2=05.00
1=05.00
0=31.31
Time:48
3=05.00
2=05.00
1=05.00
0=31.69
Time:49
3=05.00
2=05.00
1=05.00
0=31.88
Time:50
3=05.00
2=05.00
1=05.00
0=32.12
Time:51
3=05.00
2=05.00
1=05.00
0=32.25
Time:52
3=05.00
2=05.00
1=05.00
0=32.38
Time:53
3=05.00
2=05.00
1=05.00
0=32.44
Time:54
3=05.00
2=05.00
1=05.00
0=32.56
Time:55
3=05.00
2=05.00
1=05.00
0=32.62
Time:56
3=05.00
2=05.00
1=05.00
0=32.69
Time:57
3=05.00
2=05.00
1=05.00
0=32.75
Time:58
3=05.00
2=05.00
1=05.00
0=32.81
Time:59
3=05.00
2=05.00
1=05.00
0=32.88
Time:60
3=05.00
2=05.00
1=05.00
0=32.94
Time:61
3=05.00
2=05.00
1=05.00
0=33.00
Time:62
3=05.00
2=05.00
1=05.00
0=33.00
Time:63
3=05.00
2=05.00
1=05.00
0=32.62
Time:64
3=05.00
2=05.00
1=05.00
0=32.25
Time:65
3=05.00
2=05.00
1=05.00
0=32.06
Time:66
3=05.00
2=05.00
1=05.00
0=31.81
Time:67
3=05.00
2=05.00
1=05.00
0=31.69
Time:68
3=05.00
2=05.00
1=05.00
0=31.56
Time:69
3=05.00
2=05.00
1=05.00
0=31.38
Time:70
3=05.00
2=05.00
1=05.00
0=31.25
New session started
Time:0
3=05.00
2=05.00
1=05.00
0=25.75
Time:1
3=05.00
2=05.00
1=05.00
0=25.75
Time:2
3=05.00
2=05.00
1=05.00
0=25.75
Time:3
3=05.00
2=05.00
1=05.00
0=25.75
Time:4
3=05.00
2=05.00
1=05.00
0=25.75
Time:5
3=05.00
2=05.00
1=05.00
0=25.81
Time:6
3=05.00
2=05.00
1=05.00
0=25.75
Time:7
3=05.00
2=05.00
1=05.00
0=25.81
Time:8
3=05.00
2=05.00
1=05.00
0=25.81
Time:9
3=05.00
2=05.00
1=05.00
0=25.81
Time:10
3=05.00
2=05.00
1=05.00
0=25.81
Time:11
3=05.00
2=05.00
1=05.00
0=25.81
Time:12
3=05.00
2=05.00
1=05.00
0=25.81
Time:13
3=05.00
2=05.00
1=05.00
0=25.81
Time:14
3=05.00
2=05.00
1=05.00
0=25.81
Time:15
3=05.00
2=05.00
1=05.00
0=25.81
Time:16
3=05.00
2=05.00
1=05.00
0=25.81
Time:17
3=05.00
2=05.00
1=05.00
0=25.88
Time:18
3=05.00
2=05.00
1=05.00
0=25.81
Time:19
3=05.00
2=05.00
1=05.00
0=25.88
Time:20
3=05.00
2=05.00
1=05.00
0=25.81
Time:21
3=05.00
2=05.00
1=05.00
0=25.88
Time:22
3=05.00
2=05.00
1=05.00
0=25.88
Time:23
3=05.00
2=05.00
1=05.00
0=25.94
Time:24
3=05.00
2=05.00
1=05.00
0=25.88
Time:25
3=05.00
2=05.00
1=05.00
0=25.88
New session started
Time:0
3=05.00
2=05.00
1=05.00
0=26.25
Time:1
3=05.00
2=05.00
1=05.00
0=26.31
Time:2
3=05.00
2=05.00
1=05.00
0=26.31
Time:3
3=05.00
2=05.00
1=05.00
0=26.38
Time:4
3=05.00
2=05.00
1=05.00
0=26.31
Time:5
3=05.00
2=05.00
1=05.00
0=26.38
Time:6
3=05.00
2=05.00
1=05.00
0=26.38
Time:7
3=05.00
2=05.00
1=05.00
0=26.44
Time:8
3=05.00
2=05.00
1=05.00
0=26.44
Time:9
3=05.00
2=05.00
1=05.00
0=26.50
Time:10
3=05.00
2=05.00
1=05.00
0=26.50
Time:11
3=05.00
2=05.00
1=05.00
0=26.50
Time:12
3=05.00
2=05.00
1=05.00
0=26.50
Time:13
3=05.00
2=05.00
1=05.00
0=26.50
Time:14
3=05.00
2=05.00
1=05.00
0=26.56
Time:15
3=05.00
2=05.00
1=05.00
0=26.56
Time:16
3=05.00
2=05.00
1=05.00
0=26.56
Time:17
3=05.00
2=05.00
1=05.00
0=26.62
Time:18
3=05.00
2=05.00
1=05.00
0=26.62
Time:19
3=05.00
2=05.00
1=05.00
0=26.62
Time:20
3=05.00
2=05.00
1=05.00
0=26.62
Time:21
3=05.00
2=05.00
1=05.00
0=26.69
Time:22
3=05.00
2=05.00
1=05.00
0=26.69
Time:23
3=05.00
2=05.00
1=05.00
0=26.69
Time:24
3=05.00
2=05.00
1=05.00
0=26.69
Time:25
3=05.00
2=05.00
1=05.00
0=26.75
Time:26
3=05.00
2=05.00
1=05.00
0=26.75
Time:27
3=05.00
2=05.00
1=05.00
0=26.69
Time:28
3=05.00
2=05.00
1=05.00
0=26.75
New session started
Time:0
3=05.00
2=05.00
1=05.00
0=26.88
Time:1
3=05.00
2=05.00
1=05.00
0=26.88
Time:2
3=05.00
2=05.00
1=05.00
0=26.88
Time:3
3=05.00
2=05.00
1=05.00
0=26.94
Time:4
3=05.00
2=05.00
1=05.00
0=26.88
Time:5
3=05.00
2=05.00
1=05.00
0=26.94
Time:6
3=05.00
2=05.00
1=05.00
0=26.94
Time:7
3=05.00
2=05.00
1=05.00
0=26.94
Time:8
3=05.00
2=05.00
1=05.00
0=27.00
Time:9
3=05.00
2=05.00
1=05.00
0=26.94
Time:10
3=05.00
2=05.00
1=05.00
0=27.00
Time:11
3=05.00
2=05.00
1=05.00
0=27.06
Time:12
3=05.00
2=05.00
1=05.00
0=27.00
Time:13
3=05.00
2=05.00
1=05.00
0=27.06
Time:14
3=05.00
2=05.00
1=05.00
0=27.06
Time:15
3=05.00
2=05.00
1=05.00
0=27.06
Time:16
3=05.00
2=05.00
1=05.00
0=27.06
Time:17
3=05.00
2=05.00
1=05.00
0=27.06
Time:18
3=05.00
2=05.00
1=05.00
0=27.06
Time:19
3=05.00
2=05.00
1=05.00
0=27.06
Time:20
3=05.00
2=05.00
1=05.00
0=27.06
Time:21
3=05.00
2=05.00
1=05.00
0=27.12
Time:22
3=05.00
2=05.00
1=05.00
0=27.06
Time:23
3=05.00
2=05.00
1=05.00
0=27.12
New session started
Time:0
3=05.00
2=05.00
1=05.00
0=27.19
Time:1
3=05.00
2=05.00
1=05.00
0=27.19
Time:2
3=05.00
2=05.00
1=05.00
0=27.19
Time:3
3=05.00
2=05.00
1=05.00
0=27.25
Time:4
3=05.00
2=05.00
1=05.00
0=27.25
Time:5
3=05.00
2=05.00
1=05.00
0=27.25
Time:6
3=05.00
2=05.00
1=05.00
0=27.19
Time:7
3=05.00
2=05.00
1=05.00
0=27.25
Time:8
3=05.00
2=05.00
1=05.00
0=27.25
Time:9
3=05.00
2=05.00
1=05.00
0=27.25
Time:10
3=05.00
2=05.00
1=05.00
0=27.25
Time:11
3=05.00
2=05.00
1=05.00
0=27.25
Time:12
3=05.00
2=05.00
1=05.00
0=27.31
Time:13
3=05.00
2=05.00
1=05.00
0=27.31
Time:14
3=05.00
2=05.00
1=05.00
0=27.31
Time:15
3=05.00
2=05.00
1=05.00
0=27.31
New session started
New session started
New session started
New session started
New session started
New session started
New session started
Time:0
3=05.00
2=00.00
1=00.00
0=00.00
Time:1
3=05.00
2=00.00
1=00.00
0=00.00
Time:2
3=05.00
2=00.00
1=00.00
0=00.00
Time:3
3=05.00
2=00.00
1=00.00
0=00.00
Time:4
3=05.00
2=00.00
1=00.00
0=00.00
Time:5
3=05.00
2=00.00
1=00.00
0=00.00
Time:6
3=05.00
2=00.00
1=00.00
0=00.00
Time:7
3=05.00
2=00.00
1=00.00
0=00.00
Time:8
3=05.00
2=00.00
1=00.00
0=00.00
Time:9
3=05.00
2=00.00
1=00.00
0=00.00
Time:10
3=05.00
2=00.00
1=00.00
0=00.00
Time:11
3=05.00
2=00.00
1=00.00
0=00.00
Time:12
3=05.00
2=00.00
1=00.00
0=00.00
Time:13
3=05.00
2=00.00
1=00.00
0=00.00
Time:14
3=05.00
2=00.00
1=00.00
0=00.00
Time:15
3=05.00
2=00.00
1=00.00
0=00.00
Time:16
3=05.00
2=00.00
1=00.00
0=00.00
Time:17
3=05.00
2=00.00
1=00.00
0=00.00
Time:18
3=05.00
2=00.00
1=00.00
0=00.00
Time:19
3=05.00
2=00.00
1=00.00
0=00.00
Time:20
3=05.00
2=00.00
1=00.00
0=00.00
Time:21
3=05.00
2=00.00
1=00.00
0=00.00
Time:22
3=05.00
2=00.00
1=00.00
0=00.00
Time:23
3=05.00
2=00.00
1=00.00
0=00.00
Time:24
3=05.00
2=00.00
1=00.00
0=00.00
Time:25
3=05.00
2=00.00
1=00.00
0=00.00
Time:26
3=05.00
2=00.00
1=00.00
0=00.00
Time:27
3=05.00
2=00.00
1=00.00
0=00.00
Time:28
3=05.00
2=00.00
1=00.00
0=00.00
Time:29
3=05.00
2=00.00
1=00.00
0=00.00
Time:30
3=05.00
2=00.00
1=00.00
0=00.00
Time:31
3=05.00
2=00.00
1=00.00
0=00.00
Time:32
3=05.00
2=00.00
1=00.00
0=00.00
Time:33
3=05.00
2=00.00
1=00.00
0=00.00
Time:34
3=05.00
2=00.00
1=00.00
0=00.00
Time:35
3=05.00
2=00.00
1=00.00
0=00.00
Time:36
3=05.00
2=00.00
1=00.00
0=00.00
Time:37
3=05.00
2=00.00
1=00.00
0=00.00
Time:38
3=05.00
2=00.00
1=00.00
0=00.00
Time:39
3=05.00
2=00.00
1=00.00
0=00.00
Time:40
3=05.00
2=00.00
1=00.00
0=00.00
New session started
Time:0
3=05.00
2=00.00
1=00.00
0=00.00
Time:1
3=05.00
2=00.00
1=00.00
0=00.00
Time:2
3=05.00
2=00.00
1=00.00
0=00.00
Time:3
3=05.00
2=00.00
1=00.00
0=00.00
Time:4
3=05.00
2=00.00
1=00.00
0=00.00
Time:5
3=05.00
2=00.00
1=00.00
0=00.00
Time:6
3=05.00
2=00.00
1=00.00
0=00.00
Time:7
3=05.00
2=00.00
1=00.00
0=00.00
Time:8
3=05.00
2=00.00
1=00.00
0=00.00
Time:9
3=05.00
2=00.00
1=00.00
0=00.00
Time:10
3=05.00
2=00.00
1=00.00
0=00.00
Time:11
3=05.00
2=00.00
1=00.00
0=00.00
Time:12
3=05.00
2=00.00
1=00.00
0=00.00
Time:13
3=05.00
2=00.00
1=00.00
0=00.00
Time:14
3=05.00
2=00.00
1=00.00
0=00.00
Time:15
3=05.00
2=00.00
1=00.00
0=00.00
Time:16
3=05.00
2=00.00
1=00.00
0=00.00
Time:17
3=05.00
2=00.00
1=00.00
0=00.00
Time:18
3=05.00
2=00.00
1=00.00
0=00.00
Time:19
3=05.00
2=00.00
1=00.00
0=00.00
Time:20
3=05.00
2=00.00
1=00.00
0=00.00
Time:21
3=05.00
2=00.00
1=00.00
0=00.00
Time:22
3=05.00
2=00.00
1=00.00
0=00.00
Time:23
3=05.00
2=00.00
1=00.00
0=00.00
Time:24
3=05.00
2=00.00
1=00.00
0=00.00
Time:25
3=05.00
2=00.00
1=00.00
0=00.00
Time:26
3=05.00
2=00.00
1=00.00
0=00.00
Time:27
3=05.00
2=00.00
1=00.00
0=00.00
Time:28
3=05.00
2=00.00
1=00.00
0=00.00
Time:29
3=05.00
2=00.00
1=00.00
0=00.00
Time:30
3=05.00
2=00.00
1=00.00
0=00.00
Time:31
3=05.00
2=00.00
1=00.00
0=00.00
Time:32
3=05.00
2=00.00
1=00.00
0=00.00
Time:33
3=05.00
2=00.00
1=00.00
0=00.00
New session started
Time:0
3=05.00
2=00.00
1=00.00
0=00.00
Time:1
3=05.00
2=00.00
1=00.00
0=00.00
Time:2
3=05.00
2=00.00
1=00.00
0=00.00
Time:3
3=05.00
2=00.00
1=00.00
0=00.00
Time:4
3=05.00
2=00.00
1=00.00
0=00.00
Time:5
3=05.00
2=00.00
1=00.00
0=00.00
Time:6
3=05.00
2=00.00
1=00.00
0=00.00
Time:7
3=05.00
2=00.00
1=00.00
0=00.00
Time:8
3=05.00
2=00.00
1=00.00
0=00.00
Time:9
3=05.00
2=00.00
1=00.00
0=00.00
Time:10
3=05.00
2=00.00
1=00.00
0=00.00
Time:11
3=05.00
2=00.00
1=00.00
0=00.00
Time:12
3=05.00
2=00.00
1=00.00
0=00.00
Time:13
3=05.00
2=00.00
1=00.00
0=00.00
Time:14
3=05.00
2=00.00
1=00.00
0=00.00
Time:15
3=05.00
2=00.00
1=00.00
0=00.00
Time:16
3=05.00
2=00.00
1=00.00
0=00.00
Time:17
3=05.00
2=00.00
1=00.00
0=00.00
Time:18
3=05.00
2=00.00
1=00.00
0=00.00
Time:19
3=05.00
2=00.00
1=00.00
0=00.00
Time:20
3=05.00
2=00.00
1=00.00
0=00.00
Time:21
3=05.00
2=00.00
1=00.00
0=00.00
Time:22
3=05.00
2=00.00
1=00.00
0=00.00
Time:23
3=05.00
2=00.00
1=00.00
0=00.00
Time:24
3=05.00
2=00.00
1=00.00
0=00.00
Time:25
3=05.00
2=00.00
1=00.00
0=00.00
Time:26
3=05.00
2=00.00
1=00.00
0=00.00
Time:27
3=05.00
2=00.00
1=00.00
0=00.00
Time:28
3=05.00
2=00.00
1=00.00
0=00.00
Time:29
3=05.00
2=00.00
1=00.00
0=00.00
Time:30
3=05.00
2=00.00
1=00.00
0=00.00
Time:31
3=05.00
2=00.00
1=00.00
0=00.00
Time:32
3=05.00
2=00.00
1=00.00
0=00.00
Time:33
3=05.00
2=00.00
1=00.00
0=00.00
Time:34
3=05.00
2=00.00
1=00.00
0=00.00
Time:35
3=05.00
2=00.00
1=00.00
0=00.00
Time:36
3=05.00
2=00.00
1=00.00
0=00.00
Time:37
3=05.00
2=00.00
1=00.00
0=00.00
Time:38
3=05.00
2=00.00
1=00.00
0=00.00
Time:39
3=05.00
2=00.00
1=00.00
0=00.00
Time:40
3=05.00
2=00.00
1=00.00
0=00.00
Time:41
3=05.00
2=00.00
1=00.00
0=00.00
Time:42
3=05.00
2=00.00
1=00.00
0=00.00
Time:43
3=05.00
2=00.00
1=00.00
0=00.00
Time:44
3=05.00
2=00.00
1=00.00
0=00.00
Time:45
3=05.00
2=00.00
1=00.00
0=00.00
Time:46
3=05.00
2=00.00
1=00.00
0=00.00
Time:47
3=05.00
2=00.00
1=00.00
0=00.00
Time:48
3=05.00
2=00.00
1=00.00
0=00.00
Time:49
3=05.00
2=00.00
1=00.00
0=00.00
New session started
Time:0
3=05.00
2=00.00
1=00.00
0=00.00
Time:1
3=05.00
2=00.00
1=00.00
0=00.00
Time:2
3=05.00
2=00.00
1=00.00
0=00.00
Time:3
3=05.00
2=00.00
1=00.00
0=00.00
Time:4
3=05.00
2=00.00
1=00.00
0=00.00
Time:5
3=05.00
2=00.00
1=00.00
0=00.00
Time:6
3=05.00
2=00.00
1=00.00
0=00.00
Time:7
3=05.00
2=00.00
1=00.00
0=00.00
Time:8
3=05.00
2=00.00
1=00.00
0=00.00
Time:9
3=05.00
2=00.00
1=00.00
0=00.00
Time:10
3=05.00
2=00.00
1=00.00
0=00.00
Time:11
3=05.00
2=00.00
1=00.00
0=00.00
Time:12
3=05.00
2=00.00
1=00.00
0=00.00
Time:13
3=05.00
2=00.00
1=00.00
0=00.00
Time:14
3=05.00
2=00.00
1=00.00
0=00.00
Time:15
3=05.00
2=00.00
1=00.00
0=00.00
Time:16
3=05.00
2=00.00
1=00.00
0=00.00
Time:17
3=05.00
2=00.00
1=00.00
0=00.00
Time:18
3=05.00
2=00.00
1=00.00
0=00.00
Time:19
3=05.00
2=00.00
1=00.00
0=00.00
Time:20
3=05.00
2=00.00
1=00.00
0=00.00
Time:21
3=05.00
2=00.00
1=00.00
0=00.00
Time:22
3=05.00
2=00.00
1=00.00
0=00.00
Time:23
3=05.00
2=00.00
1=00.00
0=00.00
New session started
Time:0
3=05.00
2=00.00
1=00.00
0=00.00
Time:1
3=05.00
2=00.00
1=00.00
0=00.00
Time:2
3=05.00
2=00.00
1=00.00
0=00.00
Time:3
3=05.00
2=00.00
1=00.00
0=00.00
Time:4
3=05.00
2=00.00
1=00.00
0=00.00
Time:5
3=05.00
2=00.00
1=00.00
0=00.00
Time:6
3=05.00
2=00.00
1=00.00
0=00.00
Time:7
3=05.00
2=00.00
1=00.00
0=00.00
Time:8
3=05.00
2=00.00
1=00.00
0=00.00
Time:9
3=05.00
2=00.00
1=00.00
0=00.00
Time:10
3=05.00
2=00.00
1=00.00
0=00.00
Time:11
3=05.00
2=00.00
1=00.00
0=00.00
Time:12
3=05.00
2=00.00
1=00.00
0=00.00
Time:13
3=05.00
2=00.00
1=00.00
0=00.00
Time:14
3=05.00
2=00.00
1=00.00
0=00.00
Time:15
3=05.00
2=00.00
1=00.00
0=00.00
Time:16
3=05.00
2=00.00
1=00.00
0=00.00
Time:17
3=05.00
2=00.00
1=00.00
0=00.00
Time:18
3=05.00
2=00.00
1=00.00
0=00.00
Time:19
3=05.00
2=00.00
1=00.00
0=00.00
Time:20
3=05.00
2=00.00
1=00.00
0=00.00
Time:21
3=05.00
2=00.00
1=00.00
0=00.00
Time:22
3=05.00
2=00.00
1=00.00
0=00.00
Time:23
3=05.00
2=00.00
1=00.00
0=00.00
Time:24
3=05.00
2=00.00
1=00.00
0=00.00
Time:25
3=05.00
2=00.00
1=00.00
0=00.00
Time:26
3=05.00
2=00.00
1=00.00
0=00.00
Time:27
3=05.00
2=00.00
1=00.00
0=00.00
Time:28
3=05.00
2=00.00
1=00.00
0=00.00
Time:29
3=05.00
2=00.00
1=00.00
0=00.00
Time:30
3=05.00
2=00.00
1=00.00
0=00.00
Time:31
3=05.00
2=00.00
1=00.00
0=00.00
Time:32
3=05.00
2=00.00
1=00.00
0=00.00
Time:33
3=05.00
2=00.00
1=00.00
0=00.00
Time:34
3=05.00
2=00.00
1=00.00
0=00.00
Time:35
3=05.00
2=00.00
1=00.00
0=00.00
New session started
Time:0
3=05.00
2=00.00
1=00.00
0=00.00
Time:1
3=05.00
2=00.00
1=00.00
0=00.00
Time:2
3=05.00
2=00.00
1=00.00
0=00.00
Time:3
3=05.00
2=00.00
1=00.00
0=00.00
Time:4
3=05.00
2=00.00
1=00.00
0=00.00
Time:5
3=05.00
2=00.00
1=00.00
0=00.00
Time:6
3=05.00
2=00.00
1=00.00
0=00.00
Time:7
3=05.00
2=00.00
1=00.00
0=00.00
Time:8
3=05.00
2=00.00
1=00.00
0=00.00
Time:9
3=05.00
2=00.00
1=00.00
0=00.00
Time:10
3=05.00
2=00.00
1=00.00
0=00.00
New session started
Time:0
3=05.00
2=00.00
1=00.00
0=00.00
Time:1
3=05.00
2=00.00
1=00.00
0=00.00
Time:2
3=05.00
2=00.00
1=00.00
0=00.00
Time:3
3=05.00
2=00.00
1=00.00
0=00.00
Time:4
3=05.00
2=00.00
1=00.00
0=00.00
Time:5
3=05.00
2=00.00
1=00.00
0=00.00
Time:6
3=05.00
2=00.00
1=00.00
0=00.00
Time:7
3=05.00
2=00.00
1=00.00
0=00.00
Time:8
3=05.00
2=00.00
1=00.00
0=00.00
Time:9
3=05.00
2=00.00
1=00.00
0=00.00
Time:10
3=05.00
2=00.00
1=00.00
0=00.00
Time:11
3=05.00
2=00.00
1=00.00
0=00.00
Time:12
3=05.00
2=00.00
1=00.00
0=00.00
New session started
Time:0
3=05.00
2=00.00
1=00.00
0=00.00
Time:1
3=05.00
2=00.00
1=00.00
0=00.00
Time:2
3=05.00
2=00.00
1=00.00
0=00.00
Time:3
3=05.00
2=00.00
1=00.00
0=00.00
Time:4
3=05.00
2=00.00
1=00.00
0=00.00
Time:5
3=05.00
2=00.00
1=00.00
0=00.00
Time:6
3=05.00
2=00.00
1=00.00
0=00.00
Time:7
3=05.00
2=00.00
1=00.00
0=00.00
Time:8
3=05.00
2=00.00
1=00.00
0=00.00
Time:9
3=05.00
2=00.00
1=00.00
0=00.00
New session started
Time:0
3=05.00
2=00.00
1=00.00
0=00.00
Time:1
3=05.00
2=00.00
1=00.00
0=00.00
Time:2
3=05.00
2=00.00
1=00.00
0=00.00
Time:3
3=05.00
2=00.00
1=00.00
0=00.00
Loop number1 has been updated
Time:4
3=05.00
2=00.00
1=00.00
0=00.00
Time:5
3=05.00
2=00.00
1=00.00
0=00.00
Time:6
3=05.00
2=00.00
1=00.00
0=00.00
Time:7
3=05.00
2=00.00
1=00.00
0=00.00
Time:8
3=05.00
2=00.00
1=00.00
0=00.00
Time:9
3=05.00
2=00.00
1=00.00
0=00.00
Time:10
3=05.00
2=00.00
1=00.00
0=00.00
Time:11
3=05.00
2=00.00
1=00.00
0=00.00
Time:12
3=05.00
2=00.00
1=00.00
0=00.00
Time:13
3=05.00
2=00.00
1=00.00
0=00.00
New session started
Time:0
3=05.00
2=00.00
1=00.00
0=00.00
Time:1
3=05.00
2=00.00
1=00.00
0=00.00
Time:2
3=05.00
2=00.00
1=00.00
0=00.00
Time:3
3=05.00
2=00.00
1=00.00
0=00.00
Time:4
3=05.00
2=00.00
1=00.00
0=00.00
Time:5
3=05.00
2=00.00
1=00.00
0=00.00
Time:6
3=05.00
2=00.00
1=00.00
0=00.00
Time:7
3=05.00
2=00.00
1=00.00
0=00.00
Time:8
3=05.00
2=00.00
1=00.00
0=00.00
Time:9
3=05.00
2=00.00
1=00.00
0=00.00
Time:10
3=05.00
2=00.00
1=00.00
0=00.00
Time:11
3=05.00
2=00.00
1=00.00
0=00.00
Time:12
3=05.00
2=00.00
1=00.00
0=00.00
Time:13
3=05.00
2=00.00
1=00.00
0=00.00
Time:14
3=05.00
2=00.00
1=00.00
0=00.00
Time:15
3=05.00
2=00.00
1=00.00
0=00.00
Time:16
3=05.00
2=00.00
1=00.00
0=00.00
Time:17
3=05.00
2=00.00
1=00.00
0=00.00
New session started
Time:0
3=05.00
2=00.00
1=00.00
0=00.00
Time:1
3=05.00
2=00.00
1=00.00
0=00.00
Time:2
3=05.00
2=00.00
1=00.00
0=00.00
Time:3
3=05.00
2=00.00
1=00.00
0=00.00
Time:4
3=05.00
2=00.00
1=00.00
0=00.00
Time:5
3=05.00
2=00.00
1=00.00
0=00.00
Time:6
3=05.00
2=00.00
1=00.00
0=00.00
Time:7
3=05.00
2=00.00
1=00.00
0=00.00
Time:8
3=05.00
2=00.00
1=00.00
0=00.00
Time:9
3=05.00
2=00.00
1=00.00
0=00.00
Time:10
3=05.00
2=00.00
1=00.00
0=00.00
Time:11
3=05.00
2=00.00
1=00.00
0=00.00
New session started
Time:0
3=05.00
2=00.00
1=00.00
0=00.00
Time:1
3=05.00
2=00.00
1=00.00
0=00.00
Time:2
3=05.00
2=00.00
1=00.00
0=00.00
Time:3
3=05.00
2=00.00
1=00.00
0=00.00
Time:4
3=05.00
2=00.00
1=00.00
0=00.00
Time:5
3=05.00
2=00.00
1=00.00
0=00.00
Time:6
3=05.00
2=00.00
1=00.00
0=00.00
Time:7
3=05.00
2=00.00
1=00.00
0=00.00
Time:8
3=05.00
2=00.00
1=00.00
0=00.00
Time:9
3=05.00
2=00.00
1=00.00
0=00.00
Time:10
3=05.00
2=00.00
1=00.00
0=00.00
Time:11
3=05.00
2=00.00
1=00.00
0=00.00
Time:12
3=05.00
2=00.00
1=00.00
0=00.00
Time:13
3=05.00
2=00.00
1=00.00
0=00.00
Time:14
3=05.00
2=00.00
1=00.00
0=00.00
Time:15
3=05.00
2=00.00
1=00.00
0=00.00
Time:16
3=05.00
2=00.00
1=00.00
0=00.00
Time:17
3=05.00
2=00.00
1=00.00
0=00.00
Time:18
3=05.00
2=00.00
1=00.00
0=00.00
Time:19
3=05.00
2=00.00
1=00.00
0=00.00
New session started
Time:0
3=05.00
2=00.00
1=00.00
0=00.00
Time:1
3=05.00
2=00.00
1=00.00
0=00.00
Time:2
3=05.00
2=00.00
1=00.00
0=00.00
Time:3
3=05.00
2=00.00
1=00.00
0=00.00
Time:4
3=05.00
2=00.00
1=00.00
0=00.00
Time:5
3=05.00
2=00.00
1=00.00
0=00.00
Time:6
3=05.00
2=00.00
1=00.00
0=00.00
Time:7
3=05.00
2=00.00
1=00.00
0=00.00
New session started
Time:0
3=05.00
2=00.00
1=00.00
0=00.00
Time:1
3=05.00
2=00.00
1=00.00
0=00.00
Time:2
3=05.00
2=00.00
1=00.00
0=00.00
Time:3
3=05.00
2=00.00
1=00.00
0=00.00
Time:4
3=05.00
2=00.00
1=00.00
0=00.00
Time:5
3=05.00
2=00.00
1=00.00
0=00.00
New session started
Time:0
3=05.00
2=00.00
1=00.00
0=00.00
Time:1
3=05.00
2=00.00
1=00.00
0=00.00
Time:2
3=05.00
2=00.00
1=00.00
0=00.00
Time:3
3=05.00
2=00.00
1=00.00
0=00.00
Time:4
3=05.00
2=00.00
1=00.00
0=00.00
Time:5
3=05.00
2=00.00
1=00.00
0=00.00
Time:6
3=05.00
2=00.00
1=00.00
0=00.00
Time:7
3=05.00
2=00.00
1=00.00
0=00.00
New session started
Time:0
3=05.00
2=00.00
1=00.00
0=00.00
Time:1
3=05.00
2=00.00
1=00.00
0=00.00
Time:2
3=05.00
2=00.00
1=00.00
0=00.00
Time:3
3=05.00
2=00.00
1=00.00
0=00.00
Time:4
3=05.00
2=00.00
1=00.00
0=00.00
Time:5
3=05.00
2=00.00
1=00.00
0=00.00
Time:6
3=05.00
2=00.00
1=00.00
0=00.00
Time:7
3=05.00
2=00.00
1=00.00
0=00.00
Time:8
3=05.00
2=00.00
1=00.00
0=00.00
Time:9
3=05.00
2=00.00
1=00.00
0=00.00
Time:10
3=05.00
2=00.00
1=00.00
0=00.00
Time:11
3=05.00
2=00.00
1=00.00
0=00.00
Time:12
3=05.00
2=00.00
1=00.00
0=00.00
Time:13
3=05.00
2=00.00
1=00.00
0=00.00
Time:14
3=05.00
2=00.00
1=00.00
0=00.00
Time:15
3=05.00
2=00.00
1=00.00
0=00.00
Time:16
3=05.00
2=00.00
1=00.00
0=00.00
Time:17
3=05.00
2=00.00
1=00.00
0=00.00
Time:18
3=05.00
2=00.00
1=00.00
0=00.00
Time:19
3=05.00
2=00.00
1=00.00
0=00.00
Time:20
3=05.00
2=00.00
1=00.00
0=00.00
Time:21
3=05.00
2=00.00
1=00.00
0=00.00
Time:22
3=05.00
2=00.00
1=00.00
0=00.00
Time:23
3=05.00
2=00.00
1=00.00
0=00.00
Time:24
3=05.00
2=00.00
1=00.00
0=00.00
Time:25
3=05.00
2=00.00
1=00.00
0=00.00
Time:26
3=05.00
2=00.00
1=00.00
0=00.00
Time:27
3=05.00
2=00.00
1=00.00
0=00.00
Time:28
3=05.00
2=00.00
1=00.00
0=00.00
Time:29
3=05.00
2=00.00
1=00.00
0=00.00
Time:30
3=05.00
2=00.00
1=00.00
0=00.00
Time:31
3=05.00
2=00.00
1=00.00
0=00.00
Time:32
3=05.00
2=00.00
1=00.00
0=00.00
Time:33
3=05.00
2=00.00
1=00.00
0=00.00
Time:34
3=05.00
2=00.00
1=00.00
0=00.00
Time:35
3=05.00
2=00.00
1=00.00
0=00.00
New session started
Time:0
3=05.00
2=00.00
1=00.00
0=00.00
Time:1
3=05.00
2=00.00
1=00.00
0=00.00
Time:2
3=05.00
2=00.00
1=00.00
0=00.00
Time:3
3=05.00
2=00.00
1=00.00
0=00.00
Time:4
3=05.00
2=00.00
1=00.00
0=00.00
Time:5
3=05.00
2=00.00
1=00.00
0=00.00
Time:6
3=05.00
2=00.00
1=00.00
0=00.00
Time:7
3=05.00
2=00.00
1=00.00
0=00.00
Time:8
3=05.00
2=00.00
1=00.00
0=00.00
Time:9
3=05.00
2=00.00
1=00.00
0=00.00
Time:10
3=05.00
2=00.00
1=00.00
0=00.00
New session started
Time:0
3=05.00
2=00.00
1=00.00
0=00.00
Time:1
3=05.00
2=00.00
1=00.00
0=00.00
Time:2
3=05.00
2=00.00
1=00.00
0=00.00
Time:3
3=05.00
2=00.00
1=00.00
0=00.00
Time:4
3=05.00
2=00.00
1=00.00
0=00.00
Time:5
3=05.00
2=00.00
1=00.00
0=00.00
Time:6
3=05.00
2=00.00
1=00.00
0=00.00
Time:7
3=05.00
2=00.00
1=00.00
0=00.00
Time:8
3=05.00
2=00.00
1=00.00
0=00.00
Time:9
3=05.00
2=00.00
1=00.00
0=00.00
Time:10
3=05.00
2=00.00
1=00.00
0=00.00
Time:11
3=05.00
2=00.00
1=00.00
0=00.00
Time:12
3=05.00
2=00.00
1=00.00
0=00.00
Time:13
3=05.00
2=00.00
1=00.00
0=00.00
Time:14
3=05.00
2=00.00
1=00.00
0=00.00
Time:15
3=05.00
2=00.00
1=00.00
0=00.00
Time:16
3=05.00
2=00.00
1=00.00
0=00.00
Time:17
3=05.00
2=00.00
1=00.00
0=00.00
Time:18
3=05.00
2=00.00
1=00.00
0=00.00
Time:19
3=05.00
2=00.00
1=00.00
0=00.00
Time:20
3=05.00
2=00.00
1=00.00
0=00.00
Time:21
3=05.00
2=00.00
1=00.00
0=00.00
Time:22
3=05.00
2=00.00
1=00.00
0=00.00
Time:23
3=05.00
2=00.00
1=00.00
0=00.00
Time:24
3=05.00
2=00.00
1=00.00
0=00.00
Time:25
3=05.00
2=00.00
1=00.00
0=00.00
Time:26
3=05.00
2=00.00
1=00.00
0=00.00
New session started
Time:0
3=05.00
2=00.00
1=00.00
0=00.00
Time:1
3=05.00
2=00.00
1=00.00
0=00.00
Time:2
3=05.00
2=00.00
1=00.00
0=00.00
Time:3
3=05.00
2=00.00
1=00.00
0=00.00
Time:4
3=05.00
2=00.00
1=00.00
0=00.00
Time:5
3=05.00
2=00.00
1=00.00
0=00.00
Time:6
3=05.00
2=00.00
1=00.00
0=00.00
Time:7
3=05.00
2=00.00
1=00.00
0=00.00
Time:8
3=05.00
2=00.00
1=00.00
0=00.00
New session started
Time:0
3=05.00
2=00.00
1=00.00
0=00.00
Time:1
3=05.00
2=00.00
1=00.00
0=00.00
Time:2
3=05.00
2=00.00
1=00.00
0=00.00
Time:3
3=05.00
2=00.00
1=00.00
0=00.00
Time:4
3=05.00
2=00.00
1=00.00
0=00.00
Time:5
3=05.00
2=00.00
1=00.00
0=00.00
Time:6
3=05.00
2=00.00
1=00.00
0=00.00
Time:7
3=05.00
2=00.00
1=00.00
0=00.00
New session started
Time:0
3=05.00
2=00.00
1=00.00
0=00.00
Time:1
3=05.00
2=00.00
1=00.00
0=00.00
Time:2
3=05.00
2=00.00
1=00.00
0=00.00
Time:3
3=05.00
2=00.00
1=00.00
0=00.00
Time:4
3=05.00
2=00.00
1=00.00
0=00.00
Time:5
3=05.00
2=00.00
1=00.00
0=00.00
Time:6
3=05.00
2=00.00
1=00.00
0=00.00
Time:7
3=05.00
2=00.00
1=00.00
0=00.00
Time:8
3=05.00
2=00.00
1=00.00
0=00.00
Time:9
3=05.00
2=00.00
1=00.00
0=00.00
Time:10
3=05.00
2=00.00
1=00.00
0=00.00
Time:11
3=05.00
2=00.00
1=00.00
0=00.00
Time:12
3=05.00
2=00.00
1=00.00
0=00.00
Time:13
3=05.00
2=00.00
1=00.00
0=00.00
Time:14
3=05.00
2=00.00
1=00.00
0=00.00
Time:15
3=05.00
2=00.00
1=00.00
0=00.00
Time:16
3=05.00
2=00.00
1=00.00
0=00.00
Time:17
3=05.00
2=00.00
1=00.00
0=00.00
Time:18
3=05.00
2=00.00
1=00.00
0=00.00
Time:19
3=05.00
2=00.00
1=00.00
0=00.00
Time:20
3=05.00
2=00.00
1=00.00
0=00.00
Time:21
3=05.00
2=00.00
1=00.00
0=00.00
Time:22
3=05.00
2=00.00
1=00.00
0=00.00
Time:23
3=05.00
2=00.00
1=00.00
0=00.00
Time:24
3=05.00
2=00.00
1=00.00
0=00.00
Time:25
3=05.00
2=00.00
1=00.00
0=00.00
Time:26
3=05.00
2=00.00
1=00.00
0=00.00
Time:27
3=05.00
2=00.00
1=00.00
0=00.00
Time:28
3=05.00
2=00.00
1=00.00
0=00.00
Time:29
3=05.00
2=00.00
1=00.00
0=00.00
Time:30
3=05.00
2=00.00
1=00.00
0=00.00
Time:31
3=05.00
2=00.00
1=00.00
0=00.00
Time:32
3=05.00
2=00.00
1=00.00
0=00.00
Time:33
3=05.00
2=00.00
1=00.00
0=00.00
Time:34
3=05.00
2=00.00
1=00.00
0=00.00
Time:35
3=05.00
2=00.00
1=00.00
0=00.00
Time:36
3=05.00
2=00.00
1=00.00
0=00.00
Time:37
3=05.00
2=00.00
1=00.00
0=00.00
Time:38
3=05.00
2=00.00
1=00.00
0=00.00
Time:39
3=05.00
2=00.00
1=00.00
0=00.00
Time:40
3=05.00
2=00.00
1=00.00
0=00.00
Time:41
3=05.00
2=00.00
1=00.00
0=00.00
Time:42
3=05.00
2=00.00
1=00.00
0=00.00
Time:43
3=05.00
2=00.00
1=00.00
0=00.00
Time:44
3=05.00
2=00.00
1=00.00
0=00.00
Time:45
3=05.00
2=00.00
1=00.00
0=00.00
Time:46
3=05.00
2=00.00
1=00.00
0=00.00
Time:47
3=05.00
2=00.00
1=00.00
0=00.00
Time:48
3=05.00
2=00.00
1=00.00
0=00.00
New session started
Time:0
3=05.00
2=00.00
1=00.00
0=00.00
Time:1
3=05.00
2=00.00
1=00.00
0=00.00
Time:2
3=05.00
2=00.00
1=00.00
0=00.00
Time:3
3=05.00
2=00.00
1=00.00
0=00.00
Time:4
3=05.00
2=00.00
1=00.00
0=00.00
Time:5
3=05.00
2=00.00
1=00.00
0=00.00
Time:6
3=05.00
2=00.00
1=00.00
0=00.00
Time:7
3=05.00
2=00.00
1=00.00
0=00.00
Time:8
3=05.00
2=00.00
1=00.00
0=00.00
Time:9
3=05.00
2=00.00
1=00.00
0=00.00
Time:10
3=05.00
2=00.00
1=00.00
0=00.00
Time:11
3=05.00
2=00.00
1=00.00
0=00.00
Time:12
3=05.00
2=00.00
1=00.00
0=00.00
Time:13
3=05.00
2=00.00
1=00.00
0=00.00
Time:14
3=05.00
2=00.00
1=00.00
0=00.00
Time:15
3=05.00
2=00.00
1=00.00
0=00.00
Time:16
3=05.00
2=00.00
1=00.00
0=00.00
Time:17
3=05.00
2=00.00
1=00.00
0=00.00
New session started
New session started
